23:40:39.346 [main] DEBUG - Save part 'xl/worksheets/sheet3.xml'
23:40:39.389 [main] DEBUG - Parsing relationship: /xl/_rels/workbook.xml.rels
23:40:39.389 [main] DEBUG - Parsing relationship: /_rels/.rels
23:40:39.397 [main] DEBUG - Save content types part
23:40:39.398 [main] DEBUG - Save package relationships
23:40:39.398 [main] DEBUG - Save part 'docProps/app.xml'
23:40:39.398 [main] DEBUG - Save part 'docProps/core.xml'
23:40:39.398 [main] DEBUG - Save part 'xl/sharedStrings.xml'
23:40:39.398 [main] DEBUG - Save part 'xl/styles.xml'
23:40:39.398 [main] DEBUG - Save part 'xl/workbook.xml'
23:40:39.399 [main] DEBUG - Save part 'xl/worksheets/sheet1.xml'
23:40:39.399 [main] DEBUG - Save part 'xl/worksheets/sheet2.xml'
23:40:39.399 [main] DEBUG - Save part 'xl/worksheets/sheet3.xml'
23:40:39.417 [main] DEBUG - Parsing relationship: /xl/_rels/workbook.xml.rels
23:40:39.417 [main] DEBUG - Parsing relationship: /_rels/.rels
23:40:39.428 [main] DEBUG - Save content types part
23:40:39.428 [main] DEBUG - Save package relationships
23:40:39.429 [main] DEBUG - Save part 'docProps/app.xml'
23:40:39.429 [main] DEBUG - Save part 'docProps/core.xml'
23:40:39.430 [main] DEBUG - Save part 'xl/sharedStrings.xml'
23:40:39.430 [main] DEBUG - Save part 'xl/styles.xml'
23:40:39.430 [main] DEBUG - Save part 'xl/workbook.xml'
23:40:39.431 [main] DEBUG - Save part 'xl/worksheets/sheet1.xml'
23:40:39.431 [main] DEBUG - Save part 'xl/worksheets/sheet2.xml'
23:40:39.431 [main] DEBUG - Save part 'xl/worksheets/sheet3.xml'
23:40:39.452 [main] DEBUG - Parsing relationship: /xl/_rels/workbook.xml.rels
23:40:39.452 [main] DEBUG - Parsing relationship: /_rels/.rels
23:40:39.459 [main] DEBUG - Save content types part
23:40:39.460 [main] DEBUG - Save package relationships
23:40:39.461 [main] DEBUG - Save part 'docProps/app.xml'
23:40:39.461 [main] DEBUG - Save part 'docProps/core.xml'
23:40:39.462 [main] DEBUG - Save part 'xl/sharedStrings.xml'
23:40:39.462 [main] DEBUG - Save part 'xl/styles.xml'
23:40:39.462 [main] DEBUG - Save part 'xl/workbook.xml'
23:40:39.462 [main] DEBUG - Save part 'xl/worksheets/sheet1.xml'
23:40:39.463 [main] DEBUG - Save part 'xl/worksheets/sheet2.xml'
23:40:39.463 [main] DEBUG - Save part 'xl/worksheets/sheet3.xml'
23:40:39.483 [main] DEBUG - Parsing relationship: /xl/_rels/workbook.xml.rels
23:40:39.484 [main] DEBUG - Parsing relationship: /_rels/.rels
23:40:39.492 [main] DEBUG - Save content types part
23:40:39.493 [main] DEBUG - Save package relationships
23:40:39.493 [main] DEBUG - Save part 'docProps/app.xml'
23:40:39.494 [main] DEBUG - Save part 'docProps/core.xml'
23:40:39.494 [main] DEBUG - Save part 'xl/sharedStrings.xml'
23:40:39.494 [main] DEBUG - Save part 'xl/styles.xml'
23:40:39.494 [main] DEBUG - Save part 'xl/workbook.xml'
23:40:39.494 [main] DEBUG - Save part 'xl/worksheets/sheet1.xml'
23:40:39.495 [main] DEBUG - Save part 'xl/worksheets/sheet2.xml'
23:40:39.495 [main] DEBUG - Save part 'xl/worksheets/sheet3.xml'
23:40:39.542 [main] DEBUG - Parsing relationship: /xl/_rels/workbook.xml.rels
23:40:39.542 [main] DEBUG - Parsing relationship: /_rels/.rels
23:40:39.550 [main] DEBUG - Save content types part
23:40:39.550 [main] DEBUG - Save package relationships
23:40:39.551 [main] DEBUG - Save part 'docProps/app.xml'
23:40:39.551 [main] DEBUG - Save part 'docProps/core.xml'
23:40:39.551 [main] DEBUG - Save part 'xl/sharedStrings.xml'
23:40:39.552 [main] DEBUG - Save part 'xl/styles.xml'
23:40:39.552 [main] DEBUG - Save part 'xl/workbook.xml'
23:40:39.552 [main] DEBUG - Save part 'xl/worksheets/sheet1.xml'
23:40:39.552 [main] DEBUG - Save part 'xl/worksheets/sheet2.xml'
23:40:39.552 [main] DEBUG - Save part 'xl/worksheets/sheet3.xml'
23:40:39.572 [main] DEBUG - Parsing relationship: /xl/_rels/workbook.xml.rels
23:40:39.572 [main] DEBUG - Parsing relationship: /_rels/.rels
23:40:39.579 [main] DEBUG - Save content types part
23:40:39.580 [main] DEBUG - Save package relationships
23:40:39.581 [main] DEBUG - Save part 'docProps/app.xml'
23:40:39.581 [main] DEBUG - Save part 'docProps/core.xml'
23:40:39.582 [main] DEBUG - Save part 'xl/sharedStrings.xml'
23:40:39.582 [main] DEBUG - Save part 'xl/styles.xml'
23:40:39.582 [main] DEBUG - Save part 'xl/workbook.xml'
23:40:39.583 [main] DEBUG - Save part 'xl/worksheets/sheet1.xml'
23:40:39.583 [main] DEBUG - Save part 'xl/worksheets/sheet2.xml'
23:40:39.583 [main] DEBUG - Save part 'xl/worksheets/sheet3.xml'
23:40:39.603 [main] DEBUG - Parsing relationship: /xl/_rels/workbook.xml.rels
23:40:39.605 [main] DEBUG - Parsing relationship: /_rels/.rels
23:40:39.612 [main] DEBUG - Save content types part
23:40:39.613 [main] DEBUG - Save package relationships
23:40:39.613 [main] DEBUG - Save part 'docProps/app.xml'
23:40:39.613 [main] DEBUG - Save part 'docProps/core.xml'
23:40:39.614 [main] DEBUG - Save part 'xl/sharedStrings.xml'
23:40:39.614 [main] DEBUG - Save part 'xl/styles.xml'
23:40:39.614 [main] DEBUG - Save part 'xl/workbook.xml'
23:40:39.614 [main] DEBUG - Save part 'xl/worksheets/sheet1.xml'
23:40:39.614 [main] DEBUG - Save part 'xl/worksheets/sheet2.xml'
23:40:39.615 [main] DEBUG - Save part 'xl/worksheets/sheet3.xml'
23:40:39.637 [main] DEBUG - Parsing relationship: /xl/_rels/workbook.xml.rels
23:40:39.637 [main] DEBUG - Parsing relationship: /_rels/.rels
23:40:39.645 [main] DEBUG - Save content types part
23:40:39.646 [main] DEBUG - Save package relationships
23:40:39.646 [main] DEBUG - Save part 'docProps/app.xml'
23:40:39.647 [main] DEBUG - Save part 'docProps/core.xml'
23:40:39.647 [main] DEBUG - Save part 'xl/sharedStrings.xml'
23:40:39.647 [main] DEBUG - Save part 'xl/styles.xml'
23:40:39.647 [main] DEBUG - Save part 'xl/workbook.xml'
23:40:39.648 [main] DEBUG - Save part 'xl/worksheets/sheet1.xml'
23:40:39.648 [main] DEBUG - Save part 'xl/worksheets/sheet2.xml'
23:40:39.648 [main] DEBUG - Save part 'xl/worksheets/sheet3.xml'
23:40:39.698 [main] DEBUG - Parsing relationship: /xl/_rels/workbook.xml.rels
23:40:39.698 [main] DEBUG - Parsing relationship: /_rels/.rels
23:40:39.707 [main] DEBUG - Save content types part
23:40:39.708 [main] DEBUG - Save package relationships
23:40:39.708 [main] DEBUG - Save part 'docProps/app.xml'
23:40:39.708 [main] DEBUG - Save part 'docProps/core.xml'
23:40:39.709 [main] DEBUG - Save part 'xl/sharedStrings.xml'
23:40:39.709 [main] DEBUG - Save part 'xl/styles.xml'
23:40:39.709 [main] DEBUG - Save part 'xl/workbook.xml'
23:40:39.710 [main] DEBUG - Save part 'xl/worksheets/sheet1.xml'
23:40:39.710 [main] DEBUG - Save part 'xl/worksheets/sheet2.xml'
23:40:39.710 [main] DEBUG - Save part 'xl/worksheets/sheet3.xml'
23:40:39.732 [main] DEBUG - Parsing relationship: /xl/_rels/workbook.xml.rels
23:40:39.733 [main] DEBUG - Parsing relationship: /_rels/.rels
23:40:39.740 [main] DEBUG - Save content types part
23:40:39.741 [main] DEBUG - Save package relationships
23:40:39.741 [main] DEBUG - Save part 'docProps/app.xml'
23:40:39.741 [main] DEBUG - Save part 'docProps/core.xml'
23:40:39.742 [main] DEBUG - Save part 'xl/sharedStrings.xml'
23:40:39.742 [main] DEBUG - Save part 'xl/styles.xml'
23:40:39.742 [main] DEBUG - Save part 'xl/workbook.xml'
23:40:39.743 [main] DEBUG - Save part 'xl/worksheets/sheet1.xml'
23:40:39.743 [main] DEBUG - Save part 'xl/worksheets/sheet2.xml'
23:40:39.743 [main] DEBUG - Save part 'xl/worksheets/sheet3.xml'
23:40:39.764 [main] DEBUG - Parsing relationship: /xl/_rels/workbook.xml.rels
23:40:39.765 [main] DEBUG - Parsing relationship: /_rels/.rels
23:40:39.777 [main] DEBUG - Save content types part
23:40:39.777 [main] DEBUG - Save package relationships
23:40:39.778 [main] DEBUG - Save part 'docProps/app.xml'
23:40:39.778 [main] DEBUG - Save part 'docProps/core.xml'
23:40:39.779 [main] DEBUG - Save part 'xl/sharedStrings.xml'
23:40:39.779 [main] DEBUG - Save part 'xl/styles.xml'
23:40:39.779 [main] DEBUG - Save part 'xl/workbook.xml'
23:40:39.779 [main] DEBUG - Save part 'xl/worksheets/sheet1.xml'
23:40:39.779 [main] DEBUG - Save part 'xl/worksheets/sheet2.xml'
23:40:39.780 [main] DEBUG - Save part 'xl/worksheets/sheet3.xml'
23:40:39.805 [main] DEBUG - Parsing relationship: /xl/_rels/workbook.xml.rels
23:40:39.805 [main] DEBUG - Parsing relationship: /_rels/.rels
23:40:39.815 [main] DEBUG - Save content types part
23:40:39.815 [main] DEBUG - Save package relationships
23:40:39.816 [main] DEBUG - Save part 'docProps/app.xml'
23:40:39.816 [main] DEBUG - Save part 'docProps/core.xml'
23:40:39.817 [main] DEBUG - Save part 'xl/sharedStrings.xml'
23:40:39.817 [main] DEBUG - Save part 'xl/styles.xml'
23:40:39.817 [main] DEBUG - Save part 'xl/workbook.xml'
23:40:39.817 [main] DEBUG - Save part 'xl/worksheets/sheet1.xml'
23:40:39.817 [main] DEBUG - Save part 'xl/worksheets/sheet2.xml'
23:40:39.818 [main] DEBUG - Save part 'xl/worksheets/sheet3.xml'
23:40:39.860 [main] DEBUG - Parsing relationship: /xl/_rels/workbook.xml.rels
23:40:39.860 [main] DEBUG - Parsing relationship: /_rels/.rels
23:40:39.867 [main] DEBUG - Save content types part
23:40:39.868 [main] DEBUG - Save package relationships
23:40:39.868 [main] DEBUG - Save part 'docProps/app.xml'
23:40:39.868 [main] DEBUG - Save part 'docProps/core.xml'
23:40:39.869 [main] DEBUG - Save part 'xl/sharedStrings.xml'
23:40:39.869 [main] DEBUG - Save part 'xl/styles.xml'
23:40:39.869 [main] DEBUG - Save part 'xl/workbook.xml'
23:40:39.870 [main] DEBUG - Save part 'xl/worksheets/sheet1.xml'
23:40:39.870 [main] DEBUG - Save part 'xl/worksheets/sheet2.xml'
23:40:39.870 [main] DEBUG - Save part 'xl/worksheets/sheet3.xml'
23:40:39.888 [main] DEBUG - Parsing relationship: /xl/_rels/workbook.xml.rels
23:40:39.889 [main] DEBUG - Parsing relationship: /_rels/.rels
23:40:39.898 [main] DEBUG - Save content types part
23:40:39.899 [main] DEBUG - Save package relationships
23:40:39.899 [main] DEBUG - Save part 'docProps/app.xml'
23:40:39.899 [main] DEBUG - Save part 'docProps/core.xml'
23:40:39.900 [main] DEBUG - Save part 'xl/sharedStrings.xml'
23:40:39.900 [main] DEBUG - Save part 'xl/styles.xml'
23:40:39.900 [main] DEBUG - Save part 'xl/workbook.xml'
23:40:39.901 [main] DEBUG - Save part 'xl/worksheets/sheet1.xml'
23:40:39.901 [main] DEBUG - Save part 'xl/worksheets/sheet2.xml'
23:40:39.901 [main] DEBUG - Save part 'xl/worksheets/sheet3.xml'
23:40:39.922 [main] DEBUG - Parsing relationship: /xl/_rels/workbook.xml.rels
23:40:39.922 [main] DEBUG - Parsing relationship: /_rels/.rels
23:40:39.929 [main] DEBUG - Save content types part
23:40:39.930 [main] DEBUG - Save package relationships
23:40:39.930 [main] DEBUG - Save part 'docProps/app.xml'
23:40:39.930 [main] DEBUG - Save part 'docProps/core.xml'
23:40:39.931 [main] DEBUG - Save part 'xl/sharedStrings.xml'
23:40:39.931 [main] DEBUG - Save part 'xl/styles.xml'
23:40:39.931 [main] DEBUG - Save part 'xl/workbook.xml'
23:40:39.931 [main] DEBUG - Save part 'xl/worksheets/sheet1.xml'
23:40:39.931 [main] DEBUG - Save part 'xl/worksheets/sheet2.xml'
23:40:39.932 [main] DEBUG - Save part 'xl/worksheets/sheet3.xml'
23:40:39.949 [main] DEBUG - Parsing relationship: /xl/_rels/workbook.xml.rels
23:40:39.950 [main] DEBUG - Parsing relationship: /_rels/.rels
23:40:39.956 [main] DEBUG - Save content types part
23:40:39.957 [main] DEBUG - Save package relationships
23:40:39.957 [main] DEBUG - Save part 'docProps/app.xml'
23:40:39.957 [main] DEBUG - Save part 'docProps/core.xml'
23:40:39.958 [main] DEBUG - Save part 'xl/sharedStrings.xml'
23:40:39.958 [main] DEBUG - Save part 'xl/styles.xml'
23:40:39.958 [main] DEBUG - Save part 'xl/workbook.xml'
23:40:39.958 [main] DEBUG - Save part 'xl/worksheets/sheet1.xml'
23:40:39.959 [main] DEBUG - Save part 'xl/worksheets/sheet2.xml'
23:40:39.959 [main] DEBUG - Save part 'xl/worksheets/sheet3.xml'
23:40:39.991 [main] INFO  - Retrived the Upcoming bikes
23:40:43.132 [main] INFO  - Opened Application
23:40:53.161 [main] INFO  - Clicked on May be later
23:40:53.657 [main] INFO  - Navigated to Used Cars in Chennai page
23:40:54.292 [main] INFO  - Clicked on Read More Button
23:40:54.413 [main] DEBUG - Parsing relationship: /xl/_rels/workbook.xml.rels
23:40:54.413 [main] DEBUG - Parsing relationship: /_rels/.rels
23:40:54.420 [main] DEBUG - Save content types part
23:40:54.421 [main] DEBUG - Save package relationships
23:40:54.421 [main] DEBUG - Save part 'docProps/app.xml'
23:40:54.421 [main] DEBUG - Save part 'docProps/core.xml'
23:40:54.422 [main] DEBUG - Save part 'xl/sharedStrings.xml'
23:40:54.422 [main] DEBUG - Save part 'xl/styles.xml'
23:40:54.422 [main] DEBUG - Save part 'xl/workbook.xml'
23:40:54.422 [main] DEBUG - Save part 'xl/worksheets/sheet1.xml'
23:40:54.422 [main] DEBUG - Save part 'xl/worksheets/sheet2.xml'
23:40:54.422 [main] DEBUG - Save part 'xl/worksheets/sheet3.xml'
23:40:54.448 [main] DEBUG - Parsing relationship: /xl/_rels/workbook.xml.rels
23:40:54.448 [main] DEBUG - Parsing relationship: /_rels/.rels
23:40:54.456 [main] DEBUG - Save content types part
23:40:54.456 [main] DEBUG - Save package relationships
23:40:54.457 [main] DEBUG - Save part 'docProps/app.xml'
23:40:54.457 [main] DEBUG - Save part 'docProps/core.xml'
23:40:54.457 [main] DEBUG - Save part 'xl/sharedStrings.xml'
23:40:54.457 [main] DEBUG - Save part 'xl/styles.xml'
23:40:54.457 [main] DEBUG - Save part 'xl/workbook.xml'
23:40:54.458 [main] DEBUG - Save part 'xl/worksheets/sheet1.xml'
23:40:54.458 [main] DEBUG - Save part 'xl/worksheets/sheet2.xml'
23:40:54.458 [main] DEBUG - Save part 'xl/worksheets/sheet3.xml'
23:40:54.482 [main] DEBUG - Parsing relationship: /xl/_rels/workbook.xml.rels
23:40:54.482 [main] DEBUG - Parsing relationship: /_rels/.rels
23:40:54.488 [main] DEBUG - Save content types part
23:40:54.489 [main] DEBUG - Save package relationships
23:40:54.489 [main] DEBUG - Save part 'docProps/app.xml'
23:40:54.489 [main] DEBUG - Save part 'docProps/core.xml'
23:40:54.489 [main] DEBUG - Save part 'xl/sharedStrings.xml'
23:40:54.490 [main] DEBUG - Save part 'xl/styles.xml'
23:40:54.490 [main] DEBUG - Save part 'xl/workbook.xml'
23:40:54.490 [main] DEBUG - Save part 'xl/worksheets/sheet1.xml'
23:40:54.490 [main] DEBUG - Save part 'xl/worksheets/sheet2.xml'
23:40:54.490 [main] DEBUG - Save part 'xl/worksheets/sheet3.xml'
23:40:54.527 [main] DEBUG - Parsing relationship: /xl/_rels/workbook.xml.rels
23:40:54.527 [main] DEBUG - Parsing relationship: /_rels/.rels
23:40:54.533 [main] DEBUG - Save content types part
23:40:54.534 [main] DEBUG - Save package relationships
23:40:54.534 [main] DEBUG - Save part 'docProps/app.xml'
23:40:54.534 [main] DEBUG - Save part 'docProps/core.xml'
23:40:54.535 [main] DEBUG - Save part 'xl/sharedStrings.xml'
23:40:54.535 [main] DEBUG - Save part 'xl/styles.xml'
23:40:54.535 [main] DEBUG - Save part 'xl/workbook.xml'
23:40:54.535 [main] DEBUG - Save part 'xl/worksheets/sheet1.xml'
23:40:54.535 [main] DEBUG - Save part 'xl/worksheets/sheet2.xml'
23:40:54.535 [main] DEBUG - Save part 'xl/worksheets/sheet3.xml'
23:40:54.571 [main] DEBUG - Parsing relationship: /xl/_rels/workbook.xml.rels
23:40:54.572 [main] DEBUG - Parsing relationship: /_rels/.rels
23:40:54.582 [main] DEBUG - Save content types part
23:40:54.583 [main] DEBUG - Save package relationships
23:40:54.583 [main] DEBUG - Save part 'docProps/app.xml'
23:40:54.583 [main] DEBUG - Save part 'docProps/core.xml'
23:40:54.584 [main] DEBUG - Save part 'xl/sharedStrings.xml'
23:40:54.584 [main] DEBUG - Save part 'xl/styles.xml'
23:40:54.584 [main] DEBUG - Save part 'xl/workbook.xml'
23:40:54.585 [main] DEBUG - Save part 'xl/worksheets/sheet1.xml'
23:40:54.585 [main] DEBUG - Save part 'xl/worksheets/sheet2.xml'
23:40:54.585 [main] DEBUG - Save part 'xl/worksheets/sheet3.xml'
23:40:54.602 [main] DEBUG - Parsing relationship: /xl/_rels/workbook.xml.rels
23:40:54.602 [main] DEBUG - Parsing relationship: /_rels/.rels
23:40:54.608 [main] DEBUG - Save content types part
23:40:54.609 [main] DEBUG - Save package relationships
23:40:54.609 [main] DEBUG - Save part 'docProps/app.xml'
23:40:54.609 [main] DEBUG - Save part 'docProps/core.xml'
23:40:54.610 [main] DEBUG - Save part 'xl/sharedStrings.xml'
23:40:54.610 [main] DEBUG - Save part 'xl/styles.xml'
23:40:54.610 [main] DEBUG - Save part 'xl/workbook.xml'
23:40:54.610 [main] DEBUG - Save part 'xl/worksheets/sheet1.xml'
23:40:54.611 [main] DEBUG - Save part 'xl/worksheets/sheet2.xml'
23:40:54.611 [main] DEBUG - Save part 'xl/worksheets/sheet3.xml'
23:40:54.645 [main] DEBUG - Parsing relationship: /xl/_rels/workbook.xml.rels
23:40:54.645 [main] DEBUG - Parsing relationship: /_rels/.rels
23:40:54.652 [main] DEBUG - Save content types part
23:40:54.652 [main] DEBUG - Save package relationships
23:40:54.653 [main] DEBUG - Save part 'docProps/app.xml'
23:40:54.653 [main] DEBUG - Save part 'docProps/core.xml'
23:40:54.653 [main] DEBUG - Save part 'xl/sharedStrings.xml'
23:40:54.653 [main] DEBUG - Save part 'xl/styles.xml'
23:40:54.653 [main] DEBUG - Save part 'xl/workbook.xml'
23:40:54.655 [main] DEBUG - Save part 'xl/worksheets/sheet1.xml'
23:40:54.655 [main] DEBUG - Save part 'xl/worksheets/sheet2.xml'
23:40:54.655 [main] DEBUG - Save part 'xl/worksheets/sheet3.xml'
23:40:54.674 [main] DEBUG - Parsing relationship: /xl/_rels/workbook.xml.rels
23:40:54.674 [main] DEBUG - Parsing relationship: /_rels/.rels
23:40:54.681 [main] DEBUG - Save content types part
23:40:54.681 [main] DEBUG - Save package relationships
23:40:54.682 [main] DEBUG - Save part 'docProps/app.xml'
23:40:54.682 [main] DEBUG - Save part 'docProps/core.xml'
23:40:54.682 [main] DEBUG - Save part 'xl/sharedStrings.xml'
23:40:54.682 [main] DEBUG - Save part 'xl/styles.xml'
23:40:54.682 [main] DEBUG - Save part 'xl/workbook.xml'
23:40:54.683 [main] DEBUG - Save part 'xl/worksheets/sheet1.xml'
23:40:54.683 [main] DEBUG - Save part 'xl/worksheets/sheet2.xml'
23:40:54.683 [main] DEBUG - Save part 'xl/worksheets/sheet3.xml'
23:40:54.700 [main] DEBUG - Parsing relationship: /xl/_rels/workbook.xml.rels
23:40:54.701 [main] DEBUG - Parsing relationship: /_rels/.rels
23:40:54.707 [main] DEBUG - Save content types part
23:40:54.707 [main] DEBUG - Save package relationships
23:40:54.708 [main] DEBUG - Save part 'docProps/app.xml'
23:40:54.708 [main] DEBUG - Save part 'docProps/core.xml'
23:40:54.708 [main] DEBUG - Save part 'xl/sharedStrings.xml'
23:40:54.708 [main] DEBUG - Save part 'xl/styles.xml'
23:40:54.708 [main] DEBUG - Save part 'xl/workbook.xml'
23:40:54.709 [main] DEBUG - Save part 'xl/worksheets/sheet1.xml'
23:40:54.709 [main] DEBUG - Save part 'xl/worksheets/sheet2.xml'
23:40:54.709 [main] DEBUG - Save part 'xl/worksheets/sheet3.xml'
23:40:54.745 [main] DEBUG - Parsing relationship: /xl/_rels/workbook.xml.rels
23:40:54.745 [main] DEBUG - Parsing relationship: /_rels/.rels
23:40:54.751 [main] DEBUG - Save content types part
23:40:54.751 [main] DEBUG - Save package relationships
23:40:54.752 [main] DEBUG - Save part 'docProps/app.xml'
23:40:54.752 [main] DEBUG - Save part 'docProps/core.xml'
23:40:54.753 [main] DEBUG - Save part 'xl/sharedStrings.xml'
23:40:54.753 [main] DEBUG - Save part 'xl/styles.xml'
23:40:54.753 [main] DEBUG - Save part 'xl/workbook.xml'
23:40:54.753 [main] DEBUG - Save part 'xl/worksheets/sheet1.xml'
23:40:54.753 [main] DEBUG - Save part 'xl/worksheets/sheet2.xml'
23:40:54.755 [main] DEBUG - Save part 'xl/worksheets/sheet3.xml'
23:40:54.773 [main] DEBUG - Parsing relationship: /xl/_rels/workbook.xml.rels
23:40:54.774 [main] DEBUG - Parsing relationship: /_rels/.rels
23:40:54.782 [main] DEBUG - Save content types part
23:40:54.782 [main] DEBUG - Save package relationships
23:40:54.783 [main] DEBUG - Save part 'docProps/app.xml'
23:40:54.783 [main] DEBUG - Save part 'docProps/core.xml'
23:40:54.783 [main] DEBUG - Save part 'xl/sharedStrings.xml'
23:40:54.784 [main] DEBUG - Save part 'xl/styles.xml'
23:40:54.784 [main] DEBUG - Save part 'xl/workbook.xml'
23:40:54.784 [main] DEBUG - Save part 'xl/worksheets/sheet1.xml'
23:40:54.784 [main] DEBUG - Save part 'xl/worksheets/sheet2.xml'
23:40:54.784 [main] DEBUG - Save part 'xl/worksheets/sheet3.xml'
23:40:54.802 [main] DEBUG - Parsing relationship: /xl/_rels/workbook.xml.rels
23:40:54.803 [main] DEBUG - Parsing relationship: /_rels/.rels
23:40:54.809 [main] DEBUG - Save content types part
23:40:54.810 [main] DEBUG - Save package relationships
23:40:54.810 [main] DEBUG - Save part 'docProps/app.xml'
23:40:54.810 [main] DEBUG - Save part 'docProps/core.xml'
23:40:54.811 [main] DEBUG - Save part 'xl/sharedStrings.xml'
23:40:54.811 [main] DEBUG - Save part 'xl/styles.xml'
23:40:54.811 [main] DEBUG - Save part 'xl/workbook.xml'
23:40:54.811 [main] DEBUG - Save part 'xl/worksheets/sheet1.xml'
23:40:54.811 [main] DEBUG - Save part 'xl/worksheets/sheet2.xml'
23:40:54.811 [main] DEBUG - Save part 'xl/worksheets/sheet3.xml'
23:40:54.848 [main] DEBUG - Parsing relationship: /xl/_rels/workbook.xml.rels
23:40:54.848 [main] DEBUG - Parsing relationship: /_rels/.rels
23:40:54.854 [main] DEBUG - Save content types part
23:40:54.854 [main] DEBUG - Save package relationships
23:40:54.854 [main] DEBUG - Save part 'docProps/app.xml'
23:40:54.855 [main] DEBUG - Save part 'docProps/core.xml'
23:40:54.855 [main] DEBUG - Save part 'xl/sharedStrings.xml'
23:40:54.855 [main] DEBUG - Save part 'xl/styles.xml'
23:40:54.855 [main] DEBUG - Save part 'xl/workbook.xml'
23:40:54.856 [main] DEBUG - Save part 'xl/worksheets/sheet1.xml'
23:40:54.856 [main] DEBUG - Save part 'xl/worksheets/sheet2.xml'
23:40:54.856 [main] DEBUG - Save part 'xl/worksheets/sheet3.xml'
23:40:54.875 [main] DEBUG - Parsing relationship: /xl/_rels/workbook.xml.rels
23:40:54.875 [main] DEBUG - Parsing relationship: /_rels/.rels
23:40:54.881 [main] DEBUG - Save content types part
23:40:54.882 [main] DEBUG - Save package relationships
23:40:54.882 [main] DEBUG - Save part 'docProps/app.xml'
23:40:54.882 [main] DEBUG - Save part 'docProps/core.xml'
23:40:54.883 [main] DEBUG - Save part 'xl/sharedStrings.xml'
23:40:54.883 [main] DEBUG - Save part 'xl/styles.xml'
23:40:54.883 [main] DEBUG - Save part 'xl/workbook.xml'
23:40:54.883 [main] DEBUG - Save part 'xl/worksheets/sheet1.xml'
23:40:54.883 [main] DEBUG - Save part 'xl/worksheets/sheet2.xml'
23:40:54.883 [main] DEBUG - Save part 'xl/worksheets/sheet3.xml'
23:40:54.904 [main] DEBUG - Parsing relationship: /xl/_rels/workbook.xml.rels
23:40:54.904 [main] DEBUG - Parsing relationship: /_rels/.rels
23:40:54.910 [main] DEBUG - Save content types part
23:40:54.911 [main] DEBUG - Save package relationships
23:40:54.911 [main] DEBUG - Save part 'docProps/app.xml'
23:40:54.911 [main] DEBUG - Save part 'docProps/core.xml'
23:40:54.912 [main] DEBUG - Save part 'xl/sharedStrings.xml'
23:40:54.912 [main] DEBUG - Save part 'xl/styles.xml'
23:40:54.912 [main] DEBUG - Save part 'xl/workbook.xml'
23:40:54.913 [main] DEBUG - Save part 'xl/worksheets/sheet1.xml'
23:40:54.913 [main] DEBUG - Save part 'xl/worksheets/sheet2.xml'
23:40:54.913 [main] DEBUG - Save part 'xl/worksheets/sheet3.xml'
23:40:54.940 [main] INFO  - Retrived Popular Cars in Chennai
23:40:57.941 [main] INFO  - Opened Application
23:41:07.975 [main] INFO  - Clicked on May be later
23:41:08.353 [main] INFO  - Clicked on Login button
23:41:08.788 [main] INFO  - Click on sign in using Google option
23:41:09.053 [main] INFO  - Swithched to Google window
23:41:09.923 [main] INFO  - Entered Email
23:41:10.051 [main] INFO  - Clicked on Next Button
23:41:10.250 [main] DEBUG - Parsing relationship: /xl/_rels/workbook.xml.rels
23:41:10.251 [main] DEBUG - Parsing relationship: /_rels/.rels
23:41:10.263 [main] DEBUG - Save content types part
23:41:10.265 [main] DEBUG - Save package relationships
23:41:10.265 [main] DEBUG - Save part 'docProps/app.xml'
23:41:10.265 [main] DEBUG - Save part 'docProps/core.xml'
23:41:10.267 [main] DEBUG - Save part 'xl/sharedStrings.xml'
23:41:10.268 [main] DEBUG - Save part 'xl/styles.xml'
23:41:10.268 [main] DEBUG - Save part 'xl/workbook.xml'
23:41:10.269 [main] DEBUG - Save part 'xl/worksheets/sheet1.xml'
23:41:10.269 [main] DEBUG - Save part 'xl/worksheets/sheet2.xml'
23:41:10.269 [main] DEBUG - Save part 'xl/worksheets/sheet3.xml'
23:41:10.285 [main] INFO  - Retrived Error Message
