23:20:41.677 [main] DEBUG - Save part 'xl/worksheets/sheet3.xml'
23:20:41.699 [main] DEBUG - Parsing relationship: /xl/_rels/workbook.xml.rels
23:20:41.700 [main] DEBUG - Parsing relationship: /_rels/.rels
23:20:41.709 [main] DEBUG - Save content types part
23:20:41.710 [main] DEBUG - Save package relationships
23:20:41.711 [main] DEBUG - Save part 'docProps/app.xml'
23:20:41.711 [main] DEBUG - Save part 'docProps/core.xml'
23:20:41.712 [main] DEBUG - Save part 'xl/sharedStrings.xml'
23:20:41.712 [main] DEBUG - Save part 'xl/styles.xml'
23:20:41.712 [main] DEBUG - Save part 'xl/workbook.xml'
23:20:41.712 [main] DEBUG - Save part 'xl/worksheets/sheet1.xml'
23:20:41.712 [main] DEBUG - Save part 'xl/worksheets/sheet2.xml'
23:20:41.713 [main] DEBUG - Save part 'xl/worksheets/sheet3.xml'
23:20:41.763 [main] DEBUG - Parsing relationship: /xl/_rels/workbook.xml.rels
23:20:41.763 [main] DEBUG - Parsing relationship: /_rels/.rels
23:20:41.772 [main] DEBUG - Save content types part
23:20:41.773 [main] DEBUG - Save package relationships
23:20:41.774 [main] DEBUG - Save part 'docProps/app.xml'
23:20:41.774 [main] DEBUG - Save part 'docProps/core.xml'
23:20:41.775 [main] DEBUG - Save part 'xl/sharedStrings.xml'
23:20:41.775 [main] DEBUG - Save part 'xl/styles.xml'
23:20:41.775 [main] DEBUG - Save part 'xl/workbook.xml'
23:20:41.775 [main] DEBUG - Save part 'xl/worksheets/sheet1.xml'
23:20:41.775 [main] DEBUG - Save part 'xl/worksheets/sheet2.xml'
23:20:41.776 [main] DEBUG - Save part 'xl/worksheets/sheet3.xml'
23:20:41.797 [main] DEBUG - Parsing relationship: /xl/_rels/workbook.xml.rels
23:20:41.797 [main] DEBUG - Parsing relationship: /_rels/.rels
23:20:41.805 [main] DEBUG - Save content types part
23:20:41.806 [main] DEBUG - Save package relationships
23:20:41.806 [main] DEBUG - Save part 'docProps/app.xml'
23:20:41.806 [main] DEBUG - Save part 'docProps/core.xml'
23:20:41.807 [main] DEBUG - Save part 'xl/sharedStrings.xml'
23:20:41.807 [main] DEBUG - Save part 'xl/styles.xml'
23:20:41.807 [main] DEBUG - Save part 'xl/workbook.xml'
23:20:41.808 [main] DEBUG - Save part 'xl/worksheets/sheet1.xml'
23:20:41.808 [main] DEBUG - Save part 'xl/worksheets/sheet2.xml'
23:20:41.808 [main] DEBUG - Save part 'xl/worksheets/sheet3.xml'
23:20:41.829 [main] DEBUG - Parsing relationship: /xl/_rels/workbook.xml.rels
23:20:41.830 [main] DEBUG - Parsing relationship: /_rels/.rels
23:20:41.837 [main] DEBUG - Save content types part
23:20:41.838 [main] DEBUG - Save package relationships
23:20:41.839 [main] DEBUG - Save part 'docProps/app.xml'
23:20:41.839 [main] DEBUG - Save part 'docProps/core.xml'
23:20:41.839 [main] DEBUG - Save part 'xl/sharedStrings.xml'
23:20:41.839 [main] DEBUG - Save part 'xl/styles.xml'
23:20:41.839 [main] DEBUG - Save part 'xl/workbook.xml'
23:20:41.840 [main] DEBUG - Save part 'xl/worksheets/sheet1.xml'
23:20:41.840 [main] DEBUG - Save part 'xl/worksheets/sheet2.xml'
23:20:41.840 [main] DEBUG - Save part 'xl/worksheets/sheet3.xml'
23:20:41.858 [main] DEBUG - Parsing relationship: /xl/_rels/workbook.xml.rels
23:20:41.858 [main] DEBUG - Parsing relationship: /_rels/.rels
23:20:41.865 [main] DEBUG - Save content types part
23:20:41.865 [main] DEBUG - Save package relationships
23:20:41.866 [main] DEBUG - Save part 'docProps/app.xml'
23:20:41.866 [main] DEBUG - Save part 'docProps/core.xml'
23:20:41.866 [main] DEBUG - Save part 'xl/sharedStrings.xml'
23:20:41.866 [main] DEBUG - Save part 'xl/styles.xml'
23:20:41.867 [main] DEBUG - Save part 'xl/workbook.xml'
23:20:41.867 [main] DEBUG - Save part 'xl/worksheets/sheet1.xml'
23:20:41.867 [main] DEBUG - Save part 'xl/worksheets/sheet2.xml'
23:20:41.867 [main] DEBUG - Save part 'xl/worksheets/sheet3.xml'
23:20:41.906 [main] DEBUG - Parsing relationship: /xl/_rels/workbook.xml.rels
23:20:41.907 [main] DEBUG - Parsing relationship: /_rels/.rels
23:20:41.915 [main] DEBUG - Save content types part
23:20:41.916 [main] DEBUG - Save package relationships
23:20:41.916 [main] DEBUG - Save part 'docProps/app.xml'
23:20:41.916 [main] DEBUG - Save part 'docProps/core.xml'
23:20:41.917 [main] DEBUG - Save part 'xl/sharedStrings.xml'
23:20:41.917 [main] DEBUG - Save part 'xl/styles.xml'
23:20:41.918 [main] DEBUG - Save part 'xl/workbook.xml'
23:20:41.918 [main] DEBUG - Save part 'xl/worksheets/sheet1.xml'
23:20:41.918 [main] DEBUG - Save part 'xl/worksheets/sheet2.xml'
23:20:41.918 [main] DEBUG - Save part 'xl/worksheets/sheet3.xml'
23:20:41.938 [main] DEBUG - Parsing relationship: /xl/_rels/workbook.xml.rels
23:20:41.938 [main] DEBUG - Parsing relationship: /_rels/.rels
23:20:41.949 [main] DEBUG - Save content types part
23:20:41.950 [main] DEBUG - Save package relationships
23:20:41.951 [main] DEBUG - Save part 'docProps/app.xml'
23:20:41.951 [main] DEBUG - Save part 'docProps/core.xml'
23:20:41.952 [main] DEBUG - Save part 'xl/sharedStrings.xml'
23:20:41.952 [main] DEBUG - Save part 'xl/styles.xml'
23:20:41.952 [main] DEBUG - Save part 'xl/workbook.xml'
23:20:41.953 [main] DEBUG - Save part 'xl/worksheets/sheet1.xml'
23:20:41.953 [main] DEBUG - Save part 'xl/worksheets/sheet2.xml'
23:20:41.953 [main] DEBUG - Save part 'xl/worksheets/sheet3.xml'
23:20:41.972 [main] DEBUG - Parsing relationship: /xl/_rels/workbook.xml.rels
23:20:41.973 [main] DEBUG - Parsing relationship: /_rels/.rels
23:20:41.981 [main] DEBUG - Save content types part
23:20:41.982 [main] DEBUG - Save package relationships
23:20:41.983 [main] DEBUG - Save part 'docProps/app.xml'
23:20:41.983 [main] DEBUG - Save part 'docProps/core.xml'
23:20:41.984 [main] DEBUG - Save part 'xl/sharedStrings.xml'
23:20:41.984 [main] DEBUG - Save part 'xl/styles.xml'
23:20:41.984 [main] DEBUG - Save part 'xl/workbook.xml'
23:20:41.985 [main] DEBUG - Save part 'xl/worksheets/sheet1.xml'
23:20:41.985 [main] DEBUG - Save part 'xl/worksheets/sheet2.xml'
23:20:41.985 [main] DEBUG - Save part 'xl/worksheets/sheet3.xml'
23:20:42.009 [main] DEBUG - Parsing relationship: /xl/_rels/workbook.xml.rels
23:20:42.009 [main] DEBUG - Parsing relationship: /_rels/.rels
23:20:42.019 [main] DEBUG - Save content types part
23:20:42.019 [main] DEBUG - Save package relationships
23:20:42.020 [main] DEBUG - Save part 'docProps/app.xml'
23:20:42.020 [main] DEBUG - Save part 'docProps/core.xml'
23:20:42.021 [main] DEBUG - Save part 'xl/sharedStrings.xml'
23:20:42.021 [main] DEBUG - Save part 'xl/styles.xml'
23:20:42.022 [main] DEBUG - Save part 'xl/workbook.xml'
23:20:42.022 [main] DEBUG - Save part 'xl/worksheets/sheet1.xml'
23:20:42.022 [main] DEBUG - Save part 'xl/worksheets/sheet2.xml'
23:20:42.022 [main] DEBUG - Save part 'xl/worksheets/sheet3.xml'
23:20:42.065 [main] INFO  - Retrived the Upcoming bikes
23:20:45.379 [main] INFO  - Opened Application
23:20:55.432 [main] INFO  - Clicked on May be later
23:20:55.931 [main] INFO  - Navigated to Used Cars in Chennai page
23:20:56.654 [main] INFO  - Clicked on Read More Button
23:20:56.779 [main] DEBUG - Parsing relationship: /xl/_rels/workbook.xml.rels
23:20:56.780 [main] DEBUG - Parsing relationship: /_rels/.rels
23:20:56.789 [main] DEBUG - Save content types part
23:20:56.790 [main] DEBUG - Save package relationships
23:20:56.790 [main] DEBUG - Save part 'docProps/app.xml'
23:20:56.790 [main] DEBUG - Save part 'docProps/core.xml'
23:20:56.791 [main] DEBUG - Save part 'xl/sharedStrings.xml'
23:20:56.791 [main] DEBUG - Save part 'xl/styles.xml'
23:20:56.791 [main] DEBUG - Save part 'xl/workbook.xml'
23:20:56.791 [main] DEBUG - Save part 'xl/worksheets/sheet1.xml'
23:20:56.792 [main] DEBUG - Save part 'xl/worksheets/sheet2.xml'
23:20:56.792 [main] DEBUG - Save part 'xl/worksheets/sheet3.xml'
23:20:56.826 [main] DEBUG - Parsing relationship: /xl/_rels/workbook.xml.rels
23:20:56.826 [main] DEBUG - Parsing relationship: /_rels/.rels
23:20:56.833 [main] DEBUG - Save content types part
23:20:56.834 [main] DEBUG - Save package relationships
23:20:56.834 [main] DEBUG - Save part 'docProps/app.xml'
23:20:56.835 [main] DEBUG - Save part 'docProps/core.xml'
23:20:56.835 [main] DEBUG - Save part 'xl/sharedStrings.xml'
23:20:56.835 [main] DEBUG - Save part 'xl/styles.xml'
23:20:56.835 [main] DEBUG - Save part 'xl/workbook.xml'
23:20:56.837 [main] DEBUG - Save part 'xl/worksheets/sheet1.xml'
23:20:56.837 [main] DEBUG - Save part 'xl/worksheets/sheet2.xml'
23:20:56.838 [main] DEBUG - Save part 'xl/worksheets/sheet3.xml'
23:20:56.867 [main] DEBUG - Parsing relationship: /xl/_rels/workbook.xml.rels
23:20:56.867 [main] DEBUG - Parsing relationship: /_rels/.rels
23:20:56.875 [main] DEBUG - Save content types part
23:20:56.876 [main] DEBUG - Save package relationships
23:20:56.876 [main] DEBUG - Save part 'docProps/app.xml'
23:20:56.876 [main] DEBUG - Save part 'docProps/core.xml'
23:20:56.877 [main] DEBUG - Save part 'xl/sharedStrings.xml'
23:20:56.877 [main] DEBUG - Save part 'xl/styles.xml'
23:20:56.877 [main] DEBUG - Save part 'xl/workbook.xml'
23:20:56.877 [main] DEBUG - Save part 'xl/worksheets/sheet1.xml'
23:20:56.877 [main] DEBUG - Save part 'xl/worksheets/sheet2.xml'
23:20:56.878 [main] DEBUG - Save part 'xl/worksheets/sheet3.xml'
23:20:56.935 [main] DEBUG - Parsing relationship: /xl/_rels/workbook.xml.rels
23:20:56.935 [main] DEBUG - Parsing relationship: /_rels/.rels
23:20:56.942 [main] DEBUG - Save content types part
23:20:56.943 [main] DEBUG - Save package relationships
23:20:56.944 [main] DEBUG - Save part 'docProps/app.xml'
23:20:56.944 [main] DEBUG - Save part 'docProps/core.xml'
23:20:56.944 [main] DEBUG - Save part 'xl/sharedStrings.xml'
23:20:56.944 [main] DEBUG - Save part 'xl/styles.xml'
23:20:56.944 [main] DEBUG - Save part 'xl/workbook.xml'
23:20:56.945 [main] DEBUG - Save part 'xl/worksheets/sheet1.xml'
23:20:56.945 [main] DEBUG - Save part 'xl/worksheets/sheet2.xml'
23:20:56.945 [main] DEBUG - Save part 'xl/worksheets/sheet3.xml'
23:20:56.963 [main] DEBUG - Parsing relationship: /xl/_rels/workbook.xml.rels
23:20:56.963 [main] DEBUG - Parsing relationship: /_rels/.rels
23:20:56.970 [main] DEBUG - Save content types part
23:20:56.971 [main] DEBUG - Save package relationships
23:20:56.971 [main] DEBUG - Save part 'docProps/app.xml'
23:20:56.971 [main] DEBUG - Save part 'docProps/core.xml'
23:20:56.972 [main] DEBUG - Save part 'xl/sharedStrings.xml'
23:20:56.972 [main] DEBUG - Save part 'xl/styles.xml'
23:20:56.972 [main] DEBUG - Save part 'xl/workbook.xml'
23:20:56.972 [main] DEBUG - Save part 'xl/worksheets/sheet1.xml'
23:20:56.972 [main] DEBUG - Save part 'xl/worksheets/sheet2.xml'
23:20:56.972 [main] DEBUG - Save part 'xl/worksheets/sheet3.xml'
23:20:56.993 [main] DEBUG - Parsing relationship: /xl/_rels/workbook.xml.rels
23:20:56.993 [main] DEBUG - Parsing relationship: /_rels/.rels
23:20:57.002 [main] DEBUG - Save content types part
23:20:57.002 [main] DEBUG - Save package relationships
23:20:57.004 [main] DEBUG - Save part 'docProps/app.xml'
23:20:57.004 [main] DEBUG - Save part 'docProps/core.xml'
23:20:57.006 [main] DEBUG - Save part 'xl/sharedStrings.xml'
23:20:57.007 [main] DEBUG - Save part 'xl/styles.xml'
23:20:57.007 [main] DEBUG - Save part 'xl/workbook.xml'
23:20:57.007 [main] DEBUG - Save part 'xl/worksheets/sheet1.xml'
23:20:57.007 [main] DEBUG - Save part 'xl/worksheets/sheet2.xml'
23:20:57.008 [main] DEBUG - Save part 'xl/worksheets/sheet3.xml'
23:20:57.050 [main] DEBUG - Parsing relationship: /xl/_rels/workbook.xml.rels
23:20:57.050 [main] DEBUG - Parsing relationship: /_rels/.rels
23:20:57.061 [main] DEBUG - Save content types part
23:20:57.062 [main] DEBUG - Save package relationships
23:20:57.062 [main] DEBUG - Save part 'docProps/app.xml'
23:20:57.062 [main] DEBUG - Save part 'docProps/core.xml'
23:20:57.063 [main] DEBUG - Save part 'xl/sharedStrings.xml'
23:20:57.063 [main] DEBUG - Save part 'xl/styles.xml'
23:20:57.063 [main] DEBUG - Save part 'xl/workbook.xml'
23:20:57.063 [main] DEBUG - Save part 'xl/worksheets/sheet1.xml'
23:20:57.063 [main] DEBUG - Save part 'xl/worksheets/sheet2.xml'
23:20:57.064 [main] DEBUG - Save part 'xl/worksheets/sheet3.xml'
23:20:57.085 [main] DEBUG - Parsing relationship: /xl/_rels/workbook.xml.rels
23:20:57.085 [main] DEBUG - Parsing relationship: /_rels/.rels
23:20:57.093 [main] DEBUG - Save content types part
23:20:57.094 [main] DEBUG - Save package relationships
23:20:57.095 [main] DEBUG - Save part 'docProps/app.xml'
23:20:57.095 [main] DEBUG - Save part 'docProps/core.xml'
23:20:57.095 [main] DEBUG - Save part 'xl/sharedStrings.xml'
23:20:57.095 [main] DEBUG - Save part 'xl/styles.xml'
23:20:57.095 [main] DEBUG - Save part 'xl/workbook.xml'
23:20:57.096 [main] DEBUG - Save part 'xl/worksheets/sheet1.xml'
23:20:57.096 [main] DEBUG - Save part 'xl/worksheets/sheet2.xml'
23:20:57.096 [main] DEBUG - Save part 'xl/worksheets/sheet3.xml'
23:20:57.118 [main] DEBUG - Parsing relationship: /xl/_rels/workbook.xml.rels
23:20:57.118 [main] DEBUG - Parsing relationship: /_rels/.rels
23:20:57.125 [main] DEBUG - Save content types part
23:20:57.126 [main] DEBUG - Save package relationships
23:20:57.127 [main] DEBUG - Save part 'docProps/app.xml'
23:20:57.127 [main] DEBUG - Save part 'docProps/core.xml'
23:20:57.128 [main] DEBUG - Save part 'xl/sharedStrings.xml'
23:20:57.128 [main] DEBUG - Save part 'xl/styles.xml'
23:20:57.128 [main] DEBUG - Save part 'xl/workbook.xml'
23:20:57.129 [main] DEBUG - Save part 'xl/worksheets/sheet1.xml'
23:20:57.129 [main] DEBUG - Save part 'xl/worksheets/sheet2.xml'
23:20:57.129 [main] DEBUG - Save part 'xl/worksheets/sheet3.xml'
23:20:57.179 [main] DEBUG - Parsing relationship: /xl/_rels/workbook.xml.rels
23:20:57.180 [main] DEBUG - Parsing relationship: /_rels/.rels
23:20:57.190 [main] DEBUG - Save content types part
23:20:57.191 [main] DEBUG - Save package relationships
23:20:57.192 [main] DEBUG - Save part 'docProps/app.xml'
23:20:57.192 [main] DEBUG - Save part 'docProps/core.xml'
23:20:57.192 [main] DEBUG - Save part 'xl/sharedStrings.xml'
23:20:57.192 [main] DEBUG - Save part 'xl/styles.xml'
23:20:57.193 [main] DEBUG - Save part 'xl/workbook.xml'
23:20:57.193 [main] DEBUG - Save part 'xl/worksheets/sheet1.xml'
23:20:57.193 [main] DEBUG - Save part 'xl/worksheets/sheet2.xml'
23:20:57.193 [main] DEBUG - Save part 'xl/worksheets/sheet3.xml'
23:20:57.214 [main] DEBUG - Parsing relationship: /xl/_rels/workbook.xml.rels
23:20:57.215 [main] DEBUG - Parsing relationship: /_rels/.rels
23:20:57.226 [main] DEBUG - Save content types part
23:20:57.226 [main] DEBUG - Save package relationships
23:20:57.227 [main] DEBUG - Save part 'docProps/app.xml'
23:20:57.227 [main] DEBUG - Save part 'docProps/core.xml'
23:20:57.227 [main] DEBUG - Save part 'xl/sharedStrings.xml'
23:20:57.227 [main] DEBUG - Save part 'xl/styles.xml'
23:20:57.227 [main] DEBUG - Save part 'xl/workbook.xml'
23:20:57.228 [main] DEBUG - Save part 'xl/worksheets/sheet1.xml'
23:20:57.228 [main] DEBUG - Save part 'xl/worksheets/sheet2.xml'
23:20:57.229 [main] DEBUG - Save part 'xl/worksheets/sheet3.xml'
23:20:57.251 [main] DEBUG - Parsing relationship: /xl/_rels/workbook.xml.rels
23:20:57.251 [main] DEBUG - Parsing relationship: /_rels/.rels
23:20:57.260 [main] DEBUG - Save content types part
23:20:57.261 [main] DEBUG - Save package relationships
23:20:57.261 [main] DEBUG - Save part 'docProps/app.xml'
23:20:57.262 [main] DEBUG - Save part 'docProps/core.xml'
23:20:57.262 [main] DEBUG - Save part 'xl/sharedStrings.xml'
23:20:57.263 [main] DEBUG - Save part 'xl/styles.xml'
23:20:57.263 [main] DEBUG - Save part 'xl/workbook.xml'
23:20:57.264 [main] DEBUG - Save part 'xl/worksheets/sheet1.xml'
23:20:57.264 [main] DEBUG - Save part 'xl/worksheets/sheet2.xml'
23:20:57.264 [main] DEBUG - Save part 'xl/worksheets/sheet3.xml'
23:20:57.304 [main] DEBUG - Parsing relationship: /xl/_rels/workbook.xml.rels
23:20:57.304 [main] DEBUG - Parsing relationship: /_rels/.rels
23:20:57.311 [main] DEBUG - Save content types part
23:20:57.312 [main] DEBUG - Save package relationships
23:20:57.313 [main] DEBUG - Save part 'docProps/app.xml'
23:20:57.313 [main] DEBUG - Save part 'docProps/core.xml'
23:20:57.314 [main] DEBUG - Save part 'xl/sharedStrings.xml'
23:20:57.314 [main] DEBUG - Save part 'xl/styles.xml'
23:20:57.314 [main] DEBUG - Save part 'xl/workbook.xml'
23:20:57.315 [main] DEBUG - Save part 'xl/worksheets/sheet1.xml'
23:20:57.315 [main] DEBUG - Save part 'xl/worksheets/sheet2.xml'
23:20:57.315 [main] DEBUG - Save part 'xl/worksheets/sheet3.xml'
23:20:57.338 [main] DEBUG - Parsing relationship: /xl/_rels/workbook.xml.rels
23:20:57.339 [main] DEBUG - Parsing relationship: /_rels/.rels
23:20:57.349 [main] DEBUG - Save content types part
23:20:57.350 [main] DEBUG - Save package relationships
23:20:57.350 [main] DEBUG - Save part 'docProps/app.xml'
23:20:57.350 [main] DEBUG - Save part 'docProps/core.xml'
23:20:57.351 [main] DEBUG - Save part 'xl/sharedStrings.xml'
23:20:57.351 [main] DEBUG - Save part 'xl/styles.xml'
23:20:57.351 [main] DEBUG - Save part 'xl/workbook.xml'
23:20:57.352 [main] DEBUG - Save part 'xl/worksheets/sheet1.xml'
23:20:57.352 [main] DEBUG - Save part 'xl/worksheets/sheet2.xml'
23:20:57.352 [main] DEBUG - Save part 'xl/worksheets/sheet3.xml'
23:20:57.371 [main] DEBUG - Parsing relationship: /xl/_rels/workbook.xml.rels
23:20:57.372 [main] DEBUG - Parsing relationship: /_rels/.rels
23:20:57.379 [main] DEBUG - Save content types part
23:20:57.380 [main] DEBUG - Save package relationships
23:20:57.381 [main] DEBUG - Save part 'docProps/app.xml'
23:20:57.381 [main] DEBUG - Save part 'docProps/core.xml'
23:20:57.382 [main] DEBUG - Save part 'xl/sharedStrings.xml'
23:20:57.382 [main] DEBUG - Save part 'xl/styles.xml'
23:20:57.382 [main] DEBUG - Save part 'xl/workbook.xml'
23:20:57.384 [main] DEBUG - Save part 'xl/worksheets/sheet1.xml'
23:20:57.384 [main] DEBUG - Save part 'xl/worksheets/sheet2.xml'
23:20:57.384 [main] DEBUG - Save part 'xl/worksheets/sheet3.xml'
23:20:57.416 [main] INFO  - Retrived Popular Cars in Chennai
23:21:00.533 [main] INFO  - Opened Application
23:21:10.606 [main] INFO  - Clicked on May be later
23:21:10.982 [main] INFO  - Clicked on Login button
23:21:11.466 [main] INFO  - Click on sign in using Google option
23:21:11.795 [main] INFO  - Swithched to Google window
23:21:12.557 [main] INFO  - Entered Email
23:21:12.697 [main] INFO  - Clicked on Next Button
23:21:12.852 [main] DEBUG - Parsing relationship: /xl/_rels/workbook.xml.rels
23:21:12.853 [main] DEBUG - Parsing relationship: /_rels/.rels
23:21:12.868 [main] DEBUG - Save content types part
23:21:12.869 [main] DEBUG - Save package relationships
23:21:12.870 [main] DEBUG - Save part 'docProps/app.xml'
23:21:12.870 [main] DEBUG - Save part 'docProps/core.xml'
23:21:12.871 [main] DEBUG - Save part 'xl/sharedStrings.xml'
23:21:12.871 [main] DEBUG - Save part 'xl/styles.xml'
23:21:12.871 [main] DEBUG - Save part 'xl/workbook.xml'
23:21:12.872 [main] DEBUG - Save part 'xl/worksheets/sheet1.xml'
23:21:12.872 [main] DEBUG - Save part 'xl/worksheets/sheet2.xml'
23:21:12.872 [main] DEBUG - Save part 'xl/worksheets/sheet3.xml'
23:21:12.890 [main] INFO  - Retrived Error Message
23:21:43.999 [main] DEBUG - suiteXmlPath: "D:\New folder\Workspace\hackathonprojectcucumber\testng.xml"
23:21:44.156 [main] TRACE - [Graph] ADDING NODE AbstractTestNGCucumberTests.setUpClass(org.testng.ITestContext)[pri:0, instance:null] -393284817
23:21:44.156 [main] TRACE - [Graph] ================ SORTING
23:21:44.158 [main] TRACE - [Graph] =============== DONE SORTING
23:21:44.158 [main] TRACE - [Graph] ====== SORTED NODES
23:21:44.158 [main] TRACE - [Graph] ====== END SORTED NODES
23:21:44.159 [main] TRACE - [Graph] ADDING NODE AbstractTestNGCucumberTests.tearDownClass()[pri:0, instance:null] 1523153566
23:21:44.159 [main] TRACE - [Graph] ================ SORTING
23:21:44.159 [main] TRACE - [Graph] =============== DONE SORTING
23:21:44.159 [main] TRACE - [Graph] ====== SORTED NODES
23:21:44.159 [main] TRACE - [Graph] ====== END SORTED NODES
23:21:44.166 [main] TRACE - [Graph] ADDING NODE AbstractTestNGCucumberTests.runScenario(io.cucumber.testng.PickleWrapper,io.cucumber.testng.FeatureWrapper)[pri:0, instance:TestRunner.TestRunner@7d61eccf] 953210272
23:21:44.166 [main] TRACE - [Graph] ================ SORTING
23:21:44.167 [main] TRACE - [Graph] =============== DONE SORTING
23:21:44.167 [main] TRACE - [Graph] ====== SORTED NODES
23:21:44.167 [main] TRACE - [Graph] ====== END SORTED NODES
23:21:44.172 [main] INFO  - [TestNG] Running:
  D:\New folder\Workspace\hackathonprojectcucumber\testng.xml

23:40:15.336 [main] TRACE - [Graph] ADDING NODE AbstractTestNGCucumberTests.setUpClass(org.testng.ITestContext)[pri:0, instance:null] -393284817
23:40:15.338 [main] TRACE - [Graph] ================ SORTING
23:40:15.341 [main] TRACE - [Graph] =============== DONE SORTING
23:40:15.342 [main] TRACE - [Graph] ====== SORTED NODES
23:40:15.342 [main] TRACE - [Graph] ====== END SORTED NODES
23:40:15.343 [main] TRACE - [Graph] ADDING NODE AbstractTestNGCucumberTests.tearDownClass()[pri:0, instance:null] 1523153566
23:40:15.343 [main] TRACE - [Graph] ================ SORTING
23:40:15.343 [main] TRACE - [Graph] =============== DONE SORTING
23:40:15.343 [main] TRACE - [Graph] ====== SORTED NODES
23:40:15.343 [main] TRACE - [Graph] ====== END SORTED NODES
23:40:15.351 [main] TRACE - [Graph] ADDING NODE AbstractTestNGCucumberTests.runScenario(io.cucumber.testng.PickleWrapper,io.cucumber.testng.FeatureWrapper)[pri:0, instance:TestRunner.TestRunner@3d97a632] -117010685
23:40:15.351 [main] TRACE - [Graph] ================ SORTING
23:40:15.351 [main] TRACE - [Graph] =============== DONE SORTING
23:40:15.351 [main] TRACE - [Graph] ====== SORTED NODES
23:40:15.351 [main] TRACE - [Graph] ====== END SORTED NODES
23:40:19.310 [main] INFO  - Opened Application
23:40:29.485 [main] INFO  - Clicked on May be later
23:40:29.901 [main] TRACE - Loading type system org.apache.poi.schemas.ooxml.system.ooxml
23:40:29.902 [main] TRACE - Loading type system org.apache.xmlbeans.metadata.system.sXMLCONFIG
23:40:29.905 [main] TRACE - Loading type system org.apache.xmlbeans.metadata.system.sXMLLANG
23:40:29.905 [main] TRACE - Loading type system org.apache.xmlbeans.metadata.system.sXMLSCHEMA
23:40:29.906 [main] TRACE - Loading type system org.apache.xmlbeans.metadata.system.sXMLTOOLS
23:40:29.906 [main] TRACE - Reading unresolved handles for type system org.apache.xmlbeans.metadata.system.sXMLTOOLS
23:40:29.913 [main] TRACE - Finished loading type system org.apache.xmlbeans.metadata.system.sXMLTOOLS
23:40:29.913 [main] TRACE - Reading unresolved handles for type system org.apache.xmlbeans.metadata.system.sXMLSCHEMA
23:40:29.916 [main] TRACE - Finished loading type system org.apache.xmlbeans.metadata.system.sXMLSCHEMA
23:40:29.916 [main] TRACE - Reading unresolved handles for type system org.apache.xmlbeans.metadata.system.sXMLLANG
23:40:29.917 [main] TRACE - Finished loading type system org.apache.xmlbeans.metadata.system.sXMLLANG
23:40:29.917 [main] TRACE - Reading unresolved handles for type system org.apache.xmlbeans.metadata.system.sXMLCONFIG
23:40:29.917 [main] TRACE - Finished loading type system org.apache.xmlbeans.metadata.system.sXMLCONFIG
23:40:29.918 [main] TRACE - Reading unresolved handles for type system org.apache.poi.schemas.ooxml.system.ooxml
23:40:29.949 [main] TRACE - Finished loading type system org.apache.poi.schemas.ooxml.system.ooxml
23:40:29.951 [main] TRACE - Resolving type for handle ctworkbook83c3type
23:40:29.974 [main] TRACE - Resolving type for handle ctworkbookpr03a5type
23:40:29.980 [main] TRACE - Resolving type for handle ctbookviewsb864type
23:40:29.981 [main] TRACE - Resolving type for handle ctbookviewf677type
23:40:29.984 [main] TRACE - Resolving type for handle ctsheets49fdtype
23:40:29.987 [main] TRACE - Resolving type for handle propertiesee84doctype
23:40:29.989 [main] TRACE - Resolving type for handle ctproperties3f10type
23:40:29.992 [main] TRACE - Resolving type for handle properties288cdoctype
23:40:29.993 [main] TRACE - Resolving type for handle ctproperties2c18type
23:40:29.995 [main] TRACE - Resolving type for handle sstf81fdoctype
23:40:29.997 [main] TRACE - Resolving type for handle ctsst44f3type
23:40:30.001 [main] TRACE - Resolving type for handle stylesheet5d8bdoctype
23:40:30.002 [main] TRACE - Resolving type for handle ctstylesheet4257type
23:40:30.005 [main] TRACE - Resolving type for handle ctfont14d8type
23:40:30.010 [main] TRACE - Resolving type for handle ctfontsizeb3b9type
23:40:30.013 [main] TRACE - Resolving type for handle ctcolord2c2type
23:40:30.015 [main] TRACE - Resolving type for handle ctfontname2dc3type
23:40:30.021 [main] TRACE - Resolving type for handle stxstringf179type
23:40:30.022 [main] TRACE - Resolving type for handle ctfontfamily685ctype
23:40:30.023 [main] TRACE - Resolving type for handle stfontfamily9c6ctype
23:40:30.027 [main] TRACE - Resolving type for handle ctfontschemebf5dtype
23:40:30.029 [main] TRACE - Resolving type for handle stfontschemef36dtype
23:40:30.031 [main] TRACE - Resolving type for handle ctfill550ctype
23:40:30.032 [main] TRACE - Resolving type for handle ctpatternfill7452type
23:40:30.033 [main] TRACE - Resolving type for handle stpatterntype7939type
23:40:30.034 [main] TRACE - Resolving type for handle ctborderf935type
23:40:30.036 [main] TRACE - Resolving type for handle ctborderpre497type
23:40:30.039 [main] TRACE - Resolving type for handle ctxf97f7type
23:40:30.041 [main] TRACE - Resolving type for handle stnumfmtid76fbtype
23:40:30.042 [main] TRACE - Resolving type for handle stfontid9d63type
23:40:30.043 [main] TRACE - Resolving type for handle stfillida097type
23:40:30.044 [main] TRACE - Resolving type for handle stborderid1a80type
23:40:30.045 [main] TRACE - Resolving type for handle stcellstylexfid70c7type
23:40:30.048 [main] TRACE - Resolving type for handle ctsheet4dbetype
23:40:30.051 [main] TRACE - Resolving type for handle ctworksheet530dtype
23:40:30.054 [main] TRACE - Resolving type for handle ctsheetformatprdef7type
23:40:30.058 [main] TRACE - Resolving type for handle ctsheetviewsb918type
23:40:30.059 [main] TRACE - Resolving type for handle ctsheetview0f43type
23:40:30.062 [main] TRACE - Resolving type for handle ctsheetdimensiond310type
23:40:30.064 [main] TRACE - Resolving type for handle stref90a2type
23:40:30.065 [main] TRACE - Resolving type for handle ctsheetdata8408type
23:40:30.066 [main] TRACE - Resolving type for handle ctpagemargins5455type
23:40:30.068 [main] TRACE - Resolving type for handle ctcols627ctype
23:40:30.070 [main] TRACE - Resolving type for handle strelationshipid1e94type
23:40:30.073 [main] TRACE - Resolving type for handle ctrowdd39type
23:40:30.077 [main] TRACE - Resolving type for handle ctcell842btype
23:40:30.081 [main] TRACE - Resolving type for handle stcellrefe4e0type
23:40:30.082 [main] TRACE - Resolving type for handle ctrsta472type
23:40:30.083 [main] TRACE - Resolving type for handle stcelltypebf95type
23:40:30.099 [main] TRACE - Resolving type for handle ctnumfmtsb58btype
23:40:30.101 [main] TRACE - Resolving type for handle ctfonts6623type
23:40:30.102 [main] TRACE - Resolving type for handle ctfills2c6ftype
23:40:30.103 [main] TRACE - Resolving type for handle ctborders0d66type
23:40:30.104 [main] TRACE - Resolving type for handle ctcellxfs1322type
23:40:30.106 [main] TRACE - Resolving type for handle ctcellstylexfsa81ftype
23:40:30.116 [main] DEBUG - Save core properties part
23:40:30.116 [main] DEBUG - Save content types part
23:40:30.181 [main] DEBUG - Save package relationships
23:40:30.185 [main] DEBUG - Save part 'docProps/app.xml'
23:40:30.187 [main] DEBUG - Save part 'docProps/core.xml'
23:40:30.191 [main] DEBUG - Save part 'xl/sharedStrings.xml'
23:40:30.191 [main] DEBUG - Save part 'xl/styles.xml'
23:40:30.191 [main] DEBUG - Save part 'xl/workbook.xml'
23:40:30.192 [main] DEBUG - Save part 'xl/worksheets/sheet1.xml'
23:40:30.192 [main] DEBUG - Save part 'xl/worksheets/sheet2.xml'
23:40:30.192 [main] DEBUG - Save part 'xl/worksheets/sheet3.xml'
23:40:30.199 [main] DEBUG - Save content types part
23:40:30.200 [main] DEBUG - Save package relationships
23:40:30.200 [main] DEBUG - Save part 'docProps/app.xml'
23:40:30.200 [main] DEBUG - Save part 'docProps/core.xml'
23:40:30.201 [main] DEBUG - Save part 'xl/sharedStrings.xml'
23:40:30.202 [main] DEBUG - Save part 'xl/styles.xml'
23:40:30.202 [main] DEBUG - Save part 'xl/workbook.xml'
23:40:30.203 [main] DEBUG - Save part 'xl/worksheets/sheet1.xml'
23:40:30.203 [main] DEBUG - Save part 'xl/worksheets/sheet2.xml'
23:40:30.203 [main] DEBUG - Save part 'xl/worksheets/sheet3.xml'
23:40:30.330 [main] INFO  - Moved to Bikes Tab
23:40:30.393 [main] INFO  - Clicked on Upcoming Bikes
23:40:30.809 [main] INFO  - Selected the Brand:Honda
23:40:34.656 [main] INFO  - Clicked on Load More Button
23:40:38.156 [main] DEBUG - Parsing relationship: /xl/_rels/workbook.xml.rels
23:40:38.157 [main] DEBUG - Parsing relationship: /_rels/.rels
23:40:38.177 [main] TRACE - Resolving type for handle workbookec17doctype
23:40:38.180 [main] TRACE - Resolving type for handle worksheetf539doctype
23:40:38.191 [main] DEBUG - Save content types part
23:40:38.192 [main] DEBUG - Save package relationships
23:40:38.193 [main] DEBUG - Save part 'docProps/app.xml'
23:40:38.193 [main] DEBUG - Save part 'docProps/core.xml'
23:40:38.194 [main] DEBUG - Save part 'xl/sharedStrings.xml'
23:40:38.195 [main] DEBUG - Save part 'xl/styles.xml'
23:40:38.195 [main] DEBUG - Save part 'xl/workbook.xml'
23:40:38.196 [main] DEBUG - Save part 'xl/worksheets/sheet1.xml'
23:40:38.196 [main] DEBUG - Save part 'xl/worksheets/sheet2.xml'
23:40:38.196 [main] DEBUG - Save part 'xl/worksheets/sheet3.xml'
23:40:38.224 [main] DEBUG - Parsing relationship: /xl/_rels/workbook.xml.rels
23:40:38.225 [main] DEBUG - Parsing relationship: /_rels/.rels
23:40:38.239 [main] DEBUG - Save content types part
23:40:38.240 [main] DEBUG - Save package relationships
23:40:38.241 [main] DEBUG - Save part 'docProps/app.xml'
23:40:38.241 [main] DEBUG - Save part 'docProps/core.xml'
23:40:38.242 [main] DEBUG - Save part 'xl/sharedStrings.xml'
23:40:38.242 [main] DEBUG - Save part 'xl/styles.xml'
23:40:38.242 [main] DEBUG - Save part 'xl/workbook.xml'
23:40:38.243 [main] DEBUG - Save part 'xl/worksheets/sheet1.xml'
23:40:38.243 [main] DEBUG - Save part 'xl/worksheets/sheet2.xml'
23:40:38.243 [main] DEBUG - Save part 'xl/worksheets/sheet3.xml'
23:40:38.264 [main] DEBUG - Parsing relationship: /xl/_rels/workbook.xml.rels
23:40:38.265 [main] DEBUG - Parsing relationship: /_rels/.rels
23:40:38.279 [main] DEBUG - Save content types part
23:40:38.279 [main] DEBUG - Save package relationships
23:40:38.280 [main] DEBUG - Save part 'docProps/app.xml'
23:40:38.280 [main] DEBUG - Save part 'docProps/core.xml'
23:40:38.281 [main] DEBUG - Save part 'xl/sharedStrings.xml'
23:40:38.281 [main] DEBUG - Save part 'xl/styles.xml'
23:40:38.282 [main] DEBUG - Save part 'xl/workbook.xml'
23:40:38.282 [main] DEBUG - Save part 'xl/worksheets/sheet1.xml'
23:40:38.282 [main] DEBUG - Save part 'xl/worksheets/sheet2.xml'
23:40:38.283 [main] DEBUG - Save part 'xl/worksheets/sheet3.xml'
23:40:38.306 [main] DEBUG - Parsing relationship: /xl/_rels/workbook.xml.rels
23:40:38.307 [main] DEBUG - Parsing relationship: /_rels/.rels
23:40:38.319 [main] DEBUG - Save content types part
23:40:38.320 [main] DEBUG - Save package relationships
23:40:38.320 [main] DEBUG - Save part 'docProps/app.xml'
23:40:38.320 [main] DEBUG - Save part 'docProps/core.xml'
23:40:38.321 [main] DEBUG - Save part 'xl/sharedStrings.xml'
23:40:38.321 [main] DEBUG - Save part 'xl/styles.xml'
23:40:38.322 [main] DEBUG - Save part 'xl/workbook.xml'
23:40:38.322 [main] DEBUG - Save part 'xl/worksheets/sheet1.xml'
23:40:38.323 [main] DEBUG - Save part 'xl/worksheets/sheet2.xml'
23:40:38.323 [main] DEBUG - Save part 'xl/worksheets/sheet3.xml'
23:40:38.366 [main] DEBUG - Parsing relationship: /xl/_rels/workbook.xml.rels
23:40:38.366 [main] DEBUG - Parsing relationship: /_rels/.rels
23:40:38.380 [main] DEBUG - Save content types part
23:40:38.381 [main] DEBUG - Save package relationships
23:40:38.381 [main] DEBUG - Save part 'docProps/app.xml'
23:40:38.382 [main] DEBUG - Save part 'docProps/core.xml'
23:40:38.383 [main] DEBUG - Save part 'xl/sharedStrings.xml'
23:40:38.383 [main] DEBUG - Save part 'xl/styles.xml'
23:40:38.383 [main] DEBUG - Save part 'xl/workbook.xml'
23:40:38.383 [main] DEBUG - Save part 'xl/worksheets/sheet1.xml'
23:40:38.383 [main] DEBUG - Save part 'xl/worksheets/sheet2.xml'
23:40:38.384 [main] DEBUG - Save part 'xl/worksheets/sheet3.xml'
23:40:38.404 [main] DEBUG - Parsing relationship: /xl/_rels/workbook.xml.rels
23:40:38.406 [main] DEBUG - Parsing relationship: /_rels/.rels
23:40:38.416 [main] DEBUG - Save content types part
23:40:38.417 [main] DEBUG - Save package relationships
23:40:38.418 [main] DEBUG - Save part 'docProps/app.xml'
23:40:38.418 [main] DEBUG - Save part 'docProps/core.xml'
23:40:38.419 [main] DEBUG - Save part 'xl/sharedStrings.xml'
23:40:38.419 [main] DEBUG - Save part 'xl/styles.xml'
23:40:38.419 [main] DEBUG - Save part 'xl/workbook.xml'
23:40:38.420 [main] DEBUG - Save part 'xl/worksheets/sheet1.xml'
23:40:38.420 [main] DEBUG - Save part 'xl/worksheets/sheet2.xml'
23:40:38.420 [main] DEBUG - Save part 'xl/worksheets/sheet3.xml'
23:40:38.442 [main] DEBUG - Parsing relationship: /xl/_rels/workbook.xml.rels
23:40:38.443 [main] DEBUG - Parsing relationship: /_rels/.rels
23:40:38.454 [main] DEBUG - Save content types part
23:40:38.456 [main] DEBUG - Save package relationships
23:40:38.457 [main] DEBUG - Save part 'docProps/app.xml'
23:40:38.457 [main] DEBUG - Save part 'docProps/core.xml'
23:40:38.458 [main] DEBUG - Save part 'xl/sharedStrings.xml'
23:40:38.458 [main] DEBUG - Save part 'xl/styles.xml'
23:40:38.458 [main] DEBUG - Save part 'xl/workbook.xml'
23:40:38.459 [main] DEBUG - Save part 'xl/worksheets/sheet1.xml'
23:40:38.459 [main] DEBUG - Save part 'xl/worksheets/sheet2.xml'
23:40:38.460 [main] DEBUG - Save part 'xl/worksheets/sheet3.xml'
23:40:38.481 [main] DEBUG - Parsing relationship: /xl/_rels/workbook.xml.rels
23:40:38.482 [main] DEBUG - Parsing relationship: /_rels/.rels
23:40:38.493 [main] DEBUG - Save content types part
23:40:38.494 [main] DEBUG - Save package relationships
23:40:38.495 [main] DEBUG - Save part 'docProps/app.xml'
23:40:38.495 [main] DEBUG - Save part 'docProps/core.xml'
23:40:38.496 [main] DEBUG - Save part 'xl/sharedStrings.xml'
23:40:38.496 [main] DEBUG - Save part 'xl/styles.xml'
23:40:38.496 [main] DEBUG - Save part 'xl/workbook.xml'
23:40:38.497 [main] DEBUG - Save part 'xl/worksheets/sheet1.xml'
23:40:38.497 [main] DEBUG - Save part 'xl/worksheets/sheet2.xml'
23:40:38.497 [main] DEBUG - Save part 'xl/worksheets/sheet3.xml'
23:40:38.542 [main] DEBUG - Parsing relationship: /xl/_rels/workbook.xml.rels
23:40:38.542 [main] DEBUG - Parsing relationship: /_rels/.rels
23:40:38.553 [main] DEBUG - Save content types part
23:40:38.555 [main] DEBUG - Save package relationships
23:40:38.555 [main] DEBUG - Save part 'docProps/app.xml'
23:40:38.555 [main] DEBUG - Save part 'docProps/core.xml'
23:40:38.556 [main] DEBUG - Save part 'xl/sharedStrings.xml'
23:40:38.557 [main] DEBUG - Save part 'xl/styles.xml'
23:40:38.557 [main] DEBUG - Save part 'xl/workbook.xml'
23:40:38.558 [main] DEBUG - Save part 'xl/worksheets/sheet1.xml'
23:40:38.558 [main] DEBUG - Save part 'xl/worksheets/sheet2.xml'
23:40:38.558 [main] DEBUG - Save part 'xl/worksheets/sheet3.xml'
23:40:38.582 [main] DEBUG - Parsing relationship: /xl/_rels/workbook.xml.rels
23:40:38.583 [main] DEBUG - Parsing relationship: /_rels/.rels
23:40:38.598 [main] DEBUG - Save content types part
23:40:38.599 [main] DEBUG - Save package relationships
23:40:38.599 [main] DEBUG - Save part 'docProps/app.xml'
23:40:38.599 [main] DEBUG - Save part 'docProps/core.xml'
23:40:38.600 [main] DEBUG - Save part 'xl/sharedStrings.xml'
23:40:38.600 [main] DEBUG - Save part 'xl/styles.xml'
23:40:38.600 [main] DEBUG - Save part 'xl/workbook.xml'
23:40:38.601 [main] DEBUG - Save part 'xl/worksheets/sheet1.xml'
23:40:38.601 [main] DEBUG - Save part 'xl/worksheets/sheet2.xml'
23:40:38.601 [main] DEBUG - Save part 'xl/worksheets/sheet3.xml'
23:40:38.626 [main] DEBUG - Parsing relationship: /xl/_rels/workbook.xml.rels
23:40:38.626 [main] DEBUG - Parsing relationship: /_rels/.rels
23:40:38.641 [main] DEBUG - Save content types part
23:40:38.641 [main] DEBUG - Save package relationships
23:40:38.642 [main] DEBUG - Save part 'docProps/app.xml'
23:40:38.642 [main] DEBUG - Save part 'docProps/core.xml'
23:40:38.643 [main] DEBUG - Save part 'xl/sharedStrings.xml'
23:40:38.643 [main] DEBUG - Save part 'xl/styles.xml'
23:40:38.643 [main] DEBUG - Save part 'xl/workbook.xml'
23:40:38.643 [main] DEBUG - Save part 'xl/worksheets/sheet1.xml'
23:40:38.643 [main] DEBUG - Save part 'xl/worksheets/sheet2.xml'
23:40:38.644 [main] DEBUG - Save part 'xl/worksheets/sheet3.xml'
23:40:38.664 [main] DEBUG - Parsing relationship: /xl/_rels/workbook.xml.rels
23:40:38.664 [main] DEBUG - Parsing relationship: /_rels/.rels
23:40:38.676 [main] DEBUG - Save content types part
23:40:38.677 [main] DEBUG - Save package relationships
23:40:38.677 [main] DEBUG - Save part 'docProps/app.xml'
23:40:38.678 [main] DEBUG - Save part 'docProps/core.xml'
23:40:38.678 [main] DEBUG - Save part 'xl/sharedStrings.xml'
23:40:38.679 [main] DEBUG - Save part 'xl/styles.xml'
23:40:38.679 [main] DEBUG - Save part 'xl/workbook.xml'
23:40:38.680 [main] DEBUG - Save part 'xl/worksheets/sheet1.xml'
23:40:38.680 [main] DEBUG - Save part 'xl/worksheets/sheet2.xml'
23:40:38.680 [main] DEBUG - Save part 'xl/worksheets/sheet3.xml'
23:40:38.722 [main] DEBUG - Parsing relationship: /xl/_rels/workbook.xml.rels
23:40:38.723 [main] DEBUG - Parsing relationship: /_rels/.rels
23:40:38.736 [main] DEBUG - Save content types part
23:40:38.737 [main] DEBUG - Save package relationships
23:40:38.738 [main] DEBUG - Save part 'docProps/app.xml'
23:40:38.738 [main] DEBUG - Save part 'docProps/core.xml'
23:40:38.739 [main] DEBUG - Save part 'xl/sharedStrings.xml'
23:40:38.739 [main] DEBUG - Save part 'xl/styles.xml'
23:40:38.739 [main] DEBUG - Save part 'xl/workbook.xml'
23:40:38.740 [main] DEBUG - Save part 'xl/worksheets/sheet1.xml'
23:40:38.740 [main] DEBUG - Save part 'xl/worksheets/sheet2.xml'
23:40:38.740 [main] DEBUG - Save part 'xl/worksheets/sheet3.xml'
23:40:38.762 [main] DEBUG - Parsing relationship: /xl/_rels/workbook.xml.rels
23:40:38.763 [main] DEBUG - Parsing relationship: /_rels/.rels
23:40:38.776 [main] DEBUG - Save content types part
23:40:38.777 [main] DEBUG - Save package relationships
23:40:38.778 [main] DEBUG - Save part 'docProps/app.xml'
23:40:38.778 [main] DEBUG - Save part 'docProps/core.xml'
23:40:38.779 [main] DEBUG - Save part 'xl/sharedStrings.xml'
23:40:38.779 [main] DEBUG - Save part 'xl/styles.xml'
23:40:38.779 [main] DEBUG - Save part 'xl/workbook.xml'
23:40:38.781 [main] DEBUG - Save part 'xl/worksheets/sheet1.xml'
23:40:38.782 [main] DEBUG - Save part 'xl/worksheets/sheet2.xml'
23:40:38.782 [main] DEBUG - Save part 'xl/worksheets/sheet3.xml'
23:40:38.804 [main] DEBUG - Parsing relationship: /xl/_rels/workbook.xml.rels
23:40:38.805 [main] DEBUG - Parsing relationship: /_rels/.rels
23:40:38.816 [main] DEBUG - Save content types part
23:40:38.817 [main] DEBUG - Save package relationships
23:40:38.817 [main] DEBUG - Save part 'docProps/app.xml'
23:40:38.817 [main] DEBUG - Save part 'docProps/core.xml'
23:40:38.818 [main] DEBUG - Save part 'xl/sharedStrings.xml'
23:40:38.818 [main] DEBUG - Save part 'xl/styles.xml'
23:40:38.818 [main] DEBUG - Save part 'xl/workbook.xml'
23:40:38.819 [main] DEBUG - Save part 'xl/worksheets/sheet1.xml'
23:40:38.820 [main] DEBUG - Save part 'xl/worksheets/sheet2.xml'
23:40:38.820 [main] DEBUG - Save part 'xl/worksheets/sheet3.xml'
23:40:38.840 [main] DEBUG - Parsing relationship: /xl/_rels/workbook.xml.rels
23:40:38.841 [main] DEBUG - Parsing relationship: /_rels/.rels
23:40:38.851 [main] DEBUG - Save content types part
23:40:38.852 [main] DEBUG - Save package relationships
23:40:38.852 [main] DEBUG - Save part 'docProps/app.xml'
23:40:38.852 [main] DEBUG - Save part 'docProps/core.xml'
23:40:38.853 [main] DEBUG - Save part 'xl/sharedStrings.xml'
23:40:38.853 [main] DEBUG - Save part 'xl/styles.xml'
23:40:38.853 [main] DEBUG - Save part 'xl/workbook.xml'
23:40:38.854 [main] DEBUG - Save part 'xl/worksheets/sheet1.xml'
23:40:38.854 [main] DEBUG - Save part 'xl/worksheets/sheet2.xml'
23:40:38.854 [main] DEBUG - Save part 'xl/worksheets/sheet3.xml'
23:40:38.916 [main] DEBUG - Parsing relationship: /xl/_rels/workbook.xml.rels
23:40:38.917 [main] DEBUG - Parsing relationship: /_rels/.rels
23:40:38.927 [main] DEBUG - Save content types part
23:40:38.928 [main] DEBUG - Save package relationships
23:40:38.928 [main] DEBUG - Save part 'docProps/app.xml'
23:40:38.928 [main] DEBUG - Save part 'docProps/core.xml'
23:40:38.929 [main] DEBUG - Save part 'xl/sharedStrings.xml'
23:40:38.929 [main] DEBUG - Save part 'xl/styles.xml'
23:40:38.929 [main] DEBUG - Save part 'xl/workbook.xml'
23:40:38.931 [main] DEBUG - Save part 'xl/worksheets/sheet1.xml'
23:40:38.931 [main] DEBUG - Save part 'xl/worksheets/sheet2.xml'
23:40:38.931 [main] DEBUG - Save part 'xl/worksheets/sheet3.xml'
23:40:38.953 [main] DEBUG - Parsing relationship: /xl/_rels/workbook.xml.rels
23:40:38.953 [main] DEBUG - Parsing relationship: /_rels/.rels
23:40:38.962 [main] DEBUG - Save content types part
23:40:38.963 [main] DEBUG - Save package relationships
23:40:38.963 [main] DEBUG - Save part 'docProps/app.xml'
23:40:38.963 [main] DEBUG - Save part 'docProps/core.xml'
23:40:38.965 [main] DEBUG - Save part 'xl/sharedStrings.xml'
23:40:38.965 [main] DEBUG - Save part 'xl/styles.xml'
23:40:38.965 [main] DEBUG - Save part 'xl/workbook.xml'
23:40:38.966 [main] DEBUG - Save part 'xl/worksheets/sheet1.xml'
23:40:38.966 [main] DEBUG - Save part 'xl/worksheets/sheet2.xml'
23:40:38.966 [main] DEBUG - Save part 'xl/worksheets/sheet3.xml'
23:40:38.993 [main] DEBUG - Parsing relationship: /xl/_rels/workbook.xml.rels
23:40:38.994 [main] DEBUG - Parsing relationship: /_rels/.rels
23:40:39.006 [main] DEBUG - Save content types part
23:40:39.007 [main] DEBUG - Save package relationships
23:40:39.008 [main] DEBUG - Save part 'docProps/app.xml'
23:40:39.008 [main] DEBUG - Save part 'docProps/core.xml'
23:40:39.009 [main] DEBUG - Save part 'xl/sharedStrings.xml'
23:40:39.009 [main] DEBUG - Save part 'xl/styles.xml'
23:40:39.009 [main] DEBUG - Save part 'xl/workbook.xml'
23:40:39.010 [main] DEBUG - Save part 'xl/worksheets/sheet1.xml'
23:40:39.010 [main] DEBUG - Save part 'xl/worksheets/sheet2.xml'
23:40:39.010 [main] DEBUG - Save part 'xl/worksheets/sheet3.xml'
23:40:39.032 [main] DEBUG - Parsing relationship: /xl/_rels/workbook.xml.rels
23:40:39.032 [main] DEBUG - Parsing relationship: /_rels/.rels
23:40:39.045 [main] DEBUG - Save content types part
23:40:39.045 [main] DEBUG - Save package relationships
23:40:39.045 [main] DEBUG - Save part 'docProps/app.xml'
23:40:39.047 [main] DEBUG - Save part 'docProps/core.xml'
23:40:39.047 [main] DEBUG - Save part 'xl/sharedStrings.xml'
23:40:39.047 [main] DEBUG - Save part 'xl/styles.xml'
23:40:39.047 [main] DEBUG - Save part 'xl/workbook.xml'
23:40:39.048 [main] DEBUG - Save part 'xl/worksheets/sheet1.xml'
23:40:39.048 [main] DEBUG - Save part 'xl/worksheets/sheet2.xml'
23:40:39.049 [main] DEBUG - Save part 'xl/worksheets/sheet3.xml'
23:40:39.096 [main] DEBUG - Parsing relationship: /xl/_rels/workbook.xml.rels
23:40:39.096 [main] DEBUG - Parsing relationship: /_rels/.rels
23:40:39.106 [main] DEBUG - Save content types part
23:40:39.107 [main] DEBUG - Save package relationships
23:40:39.108 [main] DEBUG - Save part 'docProps/app.xml'
23:40:39.108 [main] DEBUG - Save part 'docProps/core.xml'
23:40:39.108 [main] DEBUG - Save part 'xl/sharedStrings.xml'
23:40:39.109 [main] DEBUG - Save part 'xl/styles.xml'
23:40:39.109 [main] DEBUG - Save part 'xl/workbook.xml'
23:40:39.109 [main] DEBUG - Save part 'xl/worksheets/sheet1.xml'
23:40:39.109 [main] DEBUG - Save part 'xl/worksheets/sheet2.xml'
23:40:39.109 [main] DEBUG - Save part 'xl/worksheets/sheet3.xml'
23:40:39.130 [main] DEBUG - Parsing relationship: /xl/_rels/workbook.xml.rels
23:40:39.130 [main] DEBUG - Parsing relationship: /_rels/.rels
23:40:39.140 [main] DEBUG - Save content types part
23:40:39.141 [main] DEBUG - Save package relationships
23:40:39.142 [main] DEBUG - Save part 'docProps/app.xml'
23:40:39.142 [main] DEBUG - Save part 'docProps/core.xml'
23:40:39.143 [main] DEBUG - Save part 'xl/sharedStrings.xml'
23:40:39.143 [main] DEBUG - Save part 'xl/styles.xml'
23:40:39.144 [main] DEBUG - Save part 'xl/workbook.xml'
23:40:39.146 [main] DEBUG - Save part 'xl/worksheets/sheet1.xml'
23:40:39.146 [main] DEBUG - Save part 'xl/worksheets/sheet2.xml'
23:40:39.146 [main] DEBUG - Save part 'xl/worksheets/sheet3.xml'
23:40:39.166 [main] DEBUG - Parsing relationship: /xl/_rels/workbook.xml.rels
23:40:39.166 [main] DEBUG - Parsing relationship: /_rels/.rels
23:40:39.173 [main] DEBUG - Save content types part
23:40:39.174 [main] DEBUG - Save package relationships
23:40:39.174 [main] DEBUG - Save part 'docProps/app.xml'
23:40:39.174 [main] DEBUG - Save part 'docProps/core.xml'
23:40:39.176 [main] DEBUG - Save part 'xl/sharedStrings.xml'
23:40:39.176 [main] DEBUG - Save part 'xl/styles.xml'
23:40:39.176 [main] DEBUG - Save part 'xl/workbook.xml'
23:40:39.177 [main] DEBUG - Save part 'xl/worksheets/sheet1.xml'
23:40:39.177 [main] DEBUG - Save part 'xl/worksheets/sheet2.xml'
23:40:39.178 [main] DEBUG - Save part 'xl/worksheets/sheet3.xml'
23:40:39.198 [main] DEBUG - Parsing relationship: /xl/_rels/workbook.xml.rels
23:40:39.199 [main] DEBUG - Parsing relationship: /_rels/.rels
23:40:39.207 [main] DEBUG - Save content types part
23:40:39.207 [main] DEBUG - Save package relationships
23:40:39.208 [main] DEBUG - Save part 'docProps/app.xml'
23:40:39.208 [main] DEBUG - Save part 'docProps/core.xml'
23:40:39.209 [main] DEBUG - Save part 'xl/sharedStrings.xml'
23:40:39.209 [main] DEBUG - Save part 'xl/styles.xml'
23:40:39.209 [main] DEBUG - Save part 'xl/workbook.xml'
23:40:39.210 [main] DEBUG - Save part 'xl/worksheets/sheet1.xml'
23:40:39.210 [main] DEBUG - Save part 'xl/worksheets/sheet2.xml'
23:40:39.210 [main] DEBUG - Save part 'xl/worksheets/sheet3.xml'
23:40:39.251 [main] DEBUG - Parsing relationship: /xl/_rels/workbook.xml.rels
23:40:39.251 [main] DEBUG - Parsing relationship: /_rels/.rels
23:40:39.258 [main] DEBUG - Save content types part
23:40:39.259 [main] DEBUG - Save package relationships
23:40:39.260 [main] DEBUG - Save part 'docProps/app.xml'
23:40:39.260 [main] DEBUG - Save part 'docProps/core.xml'
23:40:39.260 [main] DEBUG - Save part 'xl/sharedStrings.xml'
23:40:39.260 [main] DEBUG - Save part 'xl/styles.xml'
23:40:39.260 [main] DEBUG - Save part 'xl/workbook.xml'
23:40:39.261 [main] DEBUG - Save part 'xl/worksheets/sheet1.xml'
23:40:39.261 [main] DEBUG - Save part 'xl/worksheets/sheet2.xml'
23:40:39.261 [main] DEBUG - Save part 'xl/worksheets/sheet3.xml'
23:40:39.280 [main] DEBUG - Parsing relationship: /xl/_rels/workbook.xml.rels
23:40:39.280 [main] DEBUG - Parsing relationship: /_rels/.rels
23:40:39.287 [main] DEBUG - Save content types part
23:40:39.287 [main] DEBUG - Save package relationships
23:40:39.288 [main] DEBUG - Save part 'docProps/app.xml'
23:40:39.288 [main] DEBUG - Save part 'docProps/core.xml'
23:40:39.288 [main] DEBUG - Save part 'xl/sharedStrings.xml'
23:40:39.289 [main] DEBUG - Save part 'xl/styles.xml'
23:40:39.289 [main] DEBUG - Save part 'xl/workbook.xml'
23:40:39.289 [main] DEBUG - Save part 'xl/worksheets/sheet1.xml'
23:40:39.289 [main] DEBUG - Save part 'xl/worksheets/sheet2.xml'
23:40:39.289 [main] DEBUG - Save part 'xl/worksheets/sheet3.xml'
23:40:39.309 [main] DEBUG - Parsing relationship: /xl/_rels/workbook.xml.rels
23:40:39.309 [main] DEBUG - Parsing relationship: /_rels/.rels
23:40:39.315 [main] DEBUG - Save content types part
23:40:39.317 [main] DEBUG - Save package relationships
23:40:39.317 [main] DEBUG - Save part 'docProps/app.xml'
23:40:39.317 [main] DEBUG - Save part 'docProps/core.xml'
23:40:39.318 [main] DEBUG - Save part 'xl/sharedStrings.xml'
23:40:39.318 [main] DEBUG - Save part 'xl/styles.xml'
23:40:39.318 [main] DEBUG - Save part 'xl/workbook.xml'
23:40:39.319 [main] DEBUG - Save part 'xl/worksheets/sheet1.xml'
23:40:39.319 [main] DEBUG - Save part 'xl/worksheets/sheet2.xml'
23:40:39.319 [main] DEBUG - Save part 'xl/worksheets/sheet3.xml'
23:40:39.337 [main] DEBUG - Parsing relationship: /xl/_rels/workbook.xml.rels
23:40:39.337 [main] DEBUG - Parsing relationship: /_rels/.rels
23:40:39.343 [main] DEBUG - Save content types part
23:40:39.344 [main] DEBUG - Save package relationships
23:40:39.345 [main] DEBUG - Save part 'docProps/app.xml'
23:40:39.345 [main] DEBUG - Save part 'docProps/core.xml'
23:40:39.345 [main] DEBUG - Save part 'xl/sharedStrings.xml'
23:40:39.345 [main] DEBUG - Save part 'xl/styles.xml'
23:40:39.345 [main] DEBUG - Save part 'xl/workbook.xml'
23:40:39.345 [main] DEBUG - Save part 'xl/worksheets/sheet1.xml'
23:40:39.346 [main] DEBUG - Save part 'xl/worksheets/sheet2.xml'
